[8/17/2016 5:38:52 PM] [Info] [registered] /admins (Rocket.Unturned.Commands.UnturnedCommands/admins)
[8/17/2016 5:38:52 PM] [Info] [registered] /airdrop (Rocket.Unturned.Commands.UnturnedCommands/airdrop)
[8/17/2016 5:38:52 PM] [Info] [registered] /ban (Rocket.Unturned.Commands.UnturnedCommands/ban)
[8/17/2016 5:38:52 PM] [Info] [registered] /bans (Rocket.Unturned.Commands.UnturnedCommands/bans)
[8/17/2016 5:38:52 PM] [Info] [registered] /bind (Rocket.Unturned.Commands.UnturnedCommands/bind)
[8/17/2016 5:38:52 PM] [Info] [registered] /chatrate (Rocket.Unturned.Commands.UnturnedCommands/chatrate)
[8/17/2016 5:38:52 PM] [Info] [registered] /cheats (Rocket.Unturned.Commands.UnturnedCommands/cheats)
[8/17/2016 5:38:52 PM] [Info] [registered] /cycle (Rocket.Unturned.Commands.UnturnedCommands/cycle)
[8/17/2016 5:38:52 PM] [Info] [registered] /day (Rocket.Unturned.Commands.UnturnedCommands/day)
[8/17/2016 5:38:52 PM] [Info] [registered] /debug (Rocket.Unturned.Commands.UnturnedCommands/debug)
[8/17/2016 5:38:52 PM] [Info] [registered] /experience (Rocket.Unturned.Commands.UnturnedCommands/experience)
[8/17/2016 5:38:52 PM] [Info] [registered] /filter (Rocket.Unturned.Commands.UnturnedCommands/filter)
[8/17/2016 5:38:52 PM] [Info] [registered] /give (Rocket.Unturned.Commands.UnturnedCommands/give)
[8/17/2016 5:38:52 PM] [Info] [registered] /gold (Rocket.Unturned.Commands.UnturnedCommands/gold)
[8/17/2016 5:38:52 PM] [Info] [registered] /hide_admins (Rocket.Unturned.Commands.UnturnedCommands/hide_admins)
[8/17/2016 5:38:52 PM] [Info] [registered] /kick (Rocket.Unturned.Commands.UnturnedCommands/kick)
[8/17/2016 5:38:52 PM] [Info] [registered] /loadout (Rocket.Unturned.Commands.UnturnedCommands/loadout)
[8/17/2016 5:38:52 PM] [Info] [registered] /log (Rocket.Unturned.Commands.UnturnedCommands/log)
[8/17/2016 5:38:52 PM] [Info] [registered] /map (Rocket.Unturned.Commands.UnturnedCommands/map)
[8/17/2016 5:38:52 PM] [Info] [registered] /maxplayers (Rocket.Unturned.Commands.UnturnedCommands/maxplayers)
[8/17/2016 5:38:52 PM] [Info] [registered] /mode (Rocket.Unturned.Commands.UnturnedCommands/mode)
[8/17/2016 5:38:52 PM] [Info] [registered] /name (Rocket.Unturned.Commands.UnturnedCommands/name)
[8/17/2016 5:38:52 PM] [Info] [registered] /night (Rocket.Unturned.Commands.UnturnedCommands/night)
[8/17/2016 5:38:52 PM] [Info] [registered] /owner (Rocket.Unturned.Commands.UnturnedCommands/owner)
[8/17/2016 5:38:52 PM] [Info] [registered] /password (Rocket.Unturned.Commands.UnturnedCommands/password)
[8/17/2016 5:38:52 PM] [Info] [registered] /permit (Rocket.Unturned.Commands.UnturnedCommands/permit)
[8/17/2016 5:38:52 PM] [Info] [registered] /permits (Rocket.Unturned.Commands.UnturnedCommands/permits)
[8/17/2016 5:38:52 PM] [Info] [registered] /perspective (Rocket.Unturned.Commands.UnturnedCommands/perspective)
[8/17/2016 5:38:52 PM] [Info] [registered] /players (Rocket.Unturned.Commands.UnturnedCommands/players)
[8/17/2016 5:38:52 PM] [Info] [registered] /port (Rocket.Unturned.Commands.UnturnedCommands/port)
[8/17/2016 5:38:52 PM] [Info] [registered] /pve (Rocket.Unturned.Commands.UnturnedCommands/pve)
[8/17/2016 5:38:52 PM] [Info] [registered] /queue_size (Rocket.Unturned.Commands.UnturnedCommands/queue_size)
[8/17/2016 5:38:52 PM] [Info] [registered] /resetconfig (Rocket.Unturned.Commands.UnturnedCommands/resetconfig)
[8/17/2016 5:38:52 PM] [Info] [registered] /save (Rocket.Unturned.Commands.UnturnedCommands/save)
[8/17/2016 5:38:52 PM] [Info] [registered] /say (Rocket.Unturned.Commands.UnturnedCommands/say)
[8/17/2016 5:38:52 PM] [Info] [registered] /shutdown (Rocket.Unturned.Commands.UnturnedCommands/shutdown)
[8/17/2016 5:38:52 PM] [Info] [registered] /slay (Rocket.Unturned.Commands.UnturnedCommands/slay)
[8/17/2016 5:38:52 PM] [Info] [registered] /spy (Rocket.Unturned.Commands.UnturnedCommands/spy)
[8/17/2016 5:38:52 PM] [Info] [registered] /storm (Rocket.Unturned.Commands.UnturnedCommands/storm)
[8/17/2016 5:38:52 PM] [Info] [registered] /sync (Rocket.Unturned.Commands.UnturnedCommands/sync)
[8/17/2016 5:38:52 PM] [Info] [registered] /teleport (Rocket.Unturned.Commands.UnturnedCommands/teleport)
[8/17/2016 5:38:52 PM] [Info] [registered] /time (Rocket.Unturned.Commands.UnturnedCommands/time)
[8/17/2016 5:38:52 PM] [Info] [registered] /timeout (Rocket.Unturned.Commands.UnturnedCommands/timeout)
[8/17/2016 5:38:52 PM] [Info] [registered] /unban (Rocket.Unturned.Commands.UnturnedCommands/unban)
[8/17/2016 5:38:52 PM] [Info] [registered] /unpermit (Rocket.Unturned.Commands.UnturnedCommands/unpermit)
[8/17/2016 5:38:52 PM] [Info] [registered] /vehicle (Rocket.Unturned.Commands.UnturnedCommands/vehicle)
[8/17/2016 5:38:52 PM] [Info] [registered] /votify (Rocket.Unturned.Commands.UnturnedCommands/votify)
[8/17/2016 5:38:52 PM] [Info] [registered] /welcome (Rocket.Unturned.Commands.UnturnedCommands/welcome)
[8/17/2016 5:38:52 PM] [Info] [registered] /whitelisted (Rocket.Unturned.Commands.UnturnedCommands/whitelisted)
[8/17/2016 5:38:52 PM] [Info] [registered] /admin (Rocket.Unturned.Commands.CommandAdmin/admin)
[8/17/2016 5:38:52 PM] [Info] [registered] /broadcast (Rocket.Unturned.Commands.CommandBroadcast/broadcast)
[8/17/2016 5:38:52 PM] [Info] [registered] /compass (Rocket.Unturned.Commands.CommandCompass/compass)
[8/17/2016 5:38:52 PM] [Info] [registered] /effect (Rocket.Unturned.Commands.CommandEffect/effect)
[8/17/2016 5:38:52 PM] [Info] [registered] /exit (Rocket.Unturned.Commands.CommandExit/exit)
[8/17/2016 5:38:52 PM] [Info] [registered] /god (Rocket.Unturned.Commands.CommandGod/god)
[8/17/2016 5:38:52 PM] [Info] [registered] /heal (Rocket.Unturned.Commands.CommandHeal/heal)
[8/17/2016 5:38:52 PM] [Info] [registered] /help (Rocket.Unturned.Commands.CommandHelp/help)
[8/17/2016 5:38:52 PM] [Info] [registered] /home (Rocket.Unturned.Commands.CommandHome/home)
[8/17/2016 5:38:52 PM] [Info] [registered] /i (Rocket.Unturned.Commands.CommandI/i)
[8/17/2016 5:38:52 PM] [Info] [registered] /item (Rocket.Unturned.Commands.CommandI/item)
[8/17/2016 5:38:52 PM] [Info] [registered] /investigate (Rocket.Unturned.Commands.CommandInvestigate/investigate)
[8/17/2016 5:38:52 PM] [Info] [registered] /p (Rocket.Unturned.Commands.CommandP/p)
[8/17/2016 5:38:52 PM] [Info] [registered] /permissions (Rocket.Unturned.Commands.CommandP/permissions)
[8/17/2016 5:38:52 PM] [Info] [registered] /rocket (Rocket.Unturned.Commands.CommandRocket/rocket)
[8/17/2016 5:38:52 PM] [Info] [registered] /tp (Rocket.Unturned.Commands.CommandTp/tp)
[8/17/2016 5:38:52 PM] [Info] [registered] /tphere (Rocket.Unturned.Commands.CommandTphere/tphere)
[8/17/2016 5:38:52 PM] [Info] [registered] /unadmin (Rocket.Unturned.Commands.CommandUnadmin/unadmin)
[8/17/2016 5:38:52 PM] [Info] [registered] /v (Rocket.Unturned.Commands.CommandV/v)
[8/17/2016 5:38:52 PM] [Info] [registered] /vanish (Rocket.Unturned.Commands.CommandVanish/vanish)
[8/17/2016 5:38:53 PM] [Info] This server will automatically save every 1800 seconds
[8/17/2016 5:39:02 PM] [Info] Loading level: 8%
[8/17/2016 5:39:04 PM] [Info] Loading level: 16%
[8/17/2016 5:39:04 PM] [Info] Loading level: 25%
[8/17/2016 5:39:10 PM] [Info] Loading level: 33%
[8/17/2016 5:39:15 PM] [Info] Loading level: 41%
[8/17/2016 5:39:15 PM] [Info] Loading level: 50%
[8/17/2016 5:39:15 PM] [Info] Loading level: 58%
[8/17/2016 5:39:16 PM] [Info] Loading level: 66%
[8/17/2016 5:39:17 PM] [Info] Loading level: 75%
[8/17/2016 5:39:17 PM] [Info] Loading level: 83%
[8/17/2016 5:39:17 PM] [Info] Loading level: 91%
[8/17/2016 5:39:17 PM] [Info] Loading level: 100%
