[8/17/2016 9:19:27 PM] [Info] [registered] /admin (Rocket.Unturned.Commands.UnturnedCommands/admin)
[8/17/2016 9:19:27 PM] [Info] [registered] /admins (Rocket.Unturned.Commands.UnturnedCommands/admins)
[8/17/2016 9:19:27 PM] [Info] [registered] /airdrop (Rocket.Unturned.Commands.UnturnedCommands/airdrop)
[8/17/2016 9:19:27 PM] [Info] [registered] /ban (Rocket.Unturned.Commands.UnturnedCommands/ban)
[8/17/2016 9:19:27 PM] [Info] [registered] /bans (Rocket.Unturned.Commands.UnturnedCommands/bans)
[8/17/2016 9:19:27 PM] [Info] [registered] /bind (Rocket.Unturned.Commands.UnturnedCommands/bind)
[8/17/2016 9:19:27 PM] [Info] [registered] /chatrate (Rocket.Unturned.Commands.UnturnedCommands/chatrate)
[8/17/2016 9:19:27 PM] [Info] [registered] /cheats (Rocket.Unturned.Commands.UnturnedCommands/cheats)
[8/17/2016 9:19:27 PM] [Info] [registered] /cycle (Rocket.Unturned.Commands.UnturnedCommands/cycle)
[8/17/2016 9:19:27 PM] [Info] [registered] /day (Rocket.Unturned.Commands.UnturnedCommands/day)
[8/17/2016 9:19:27 PM] [Info] [registered] /debug (Rocket.Unturned.Commands.UnturnedCommands/debug)
[8/17/2016 9:19:27 PM] [Info] [registered] /experience (Rocket.Unturned.Commands.UnturnedCommands/experience)
[8/17/2016 9:19:27 PM] [Info] [registered] /filter (Rocket.Unturned.Commands.UnturnedCommands/filter)
[8/17/2016 9:19:27 PM] [Info] [registered] /give (Rocket.Unturned.Commands.UnturnedCommands/give)
[8/17/2016 9:19:27 PM] [Info] [registered] /gold (Rocket.Unturned.Commands.UnturnedCommands/gold)
[8/17/2016 9:19:27 PM] [Info] [registered] /help (Rocket.Unturned.Commands.UnturnedCommands/help)
[8/17/2016 9:19:27 PM] [Info] [registered] /hide_admins (Rocket.Unturned.Commands.UnturnedCommands/hide_admins)
[8/17/2016 9:19:27 PM] [Info] [registered] /kick (Rocket.Unturned.Commands.UnturnedCommands/kick)
[8/17/2016 9:19:27 PM] [Info] [registered] /loadout (Rocket.Unturned.Commands.UnturnedCommands/loadout)
[8/17/2016 9:19:27 PM] [Info] [registered] /log (Rocket.Unturned.Commands.UnturnedCommands/log)
[8/17/2016 9:19:27 PM] [Info] [registered] /map (Rocket.Unturned.Commands.UnturnedCommands/map)
[8/17/2016 9:19:27 PM] [Info] [registered] /maxplayers (Rocket.Unturned.Commands.UnturnedCommands/maxplayers)
[8/17/2016 9:19:27 PM] [Info] [registered] /mode (Rocket.Unturned.Commands.UnturnedCommands/mode)
[8/17/2016 9:19:27 PM] [Info] [registered] /name (Rocket.Unturned.Commands.UnturnedCommands/name)
[8/17/2016 9:19:27 PM] [Info] [registered] /night (Rocket.Unturned.Commands.UnturnedCommands/night)
[8/17/2016 9:19:27 PM] [Info] [registered] /owner (Rocket.Unturned.Commands.UnturnedCommands/owner)
[8/17/2016 9:19:27 PM] [Info] [registered] /password (Rocket.Unturned.Commands.UnturnedCommands/password)
[8/17/2016 9:19:27 PM] [Info] [registered] /permit (Rocket.Unturned.Commands.UnturnedCommands/permit)
[8/17/2016 9:19:27 PM] [Info] [registered] /permits (Rocket.Unturned.Commands.UnturnedCommands/permits)
[8/17/2016 9:19:27 PM] [Info] [registered] /perspective (Rocket.Unturned.Commands.UnturnedCommands/perspective)
[8/17/2016 9:19:27 PM] [Info] [registered] /players (Rocket.Unturned.Commands.UnturnedCommands/players)
[8/17/2016 9:19:27 PM] [Info] [registered] /port (Rocket.Unturned.Commands.UnturnedCommands/port)
[8/17/2016 9:19:27 PM] [Info] [registered] /pve (Rocket.Unturned.Commands.UnturnedCommands/pve)
[8/17/2016 9:19:27 PM] [Info] [registered] /queue_size (Rocket.Unturned.Commands.UnturnedCommands/queue_size)
[8/17/2016 9:19:27 PM] [Info] [registered] /resetconfig (Rocket.Unturned.Commands.UnturnedCommands/resetconfig)
[8/17/2016 9:19:27 PM] [Info] [registered] /save (Rocket.Unturned.Commands.UnturnedCommands/save)
[8/17/2016 9:19:27 PM] [Info] [registered] /say (Rocket.Unturned.Commands.UnturnedCommands/say)
[8/17/2016 9:19:27 PM] [Info] [registered] /shutdown (Rocket.Unturned.Commands.UnturnedCommands/shutdown)
[8/17/2016 9:19:27 PM] [Info] [registered] /slay (Rocket.Unturned.Commands.UnturnedCommands/slay)
[8/17/2016 9:19:27 PM] [Info] [registered] /spy (Rocket.Unturned.Commands.UnturnedCommands/spy)
[8/17/2016 9:19:27 PM] [Info] [registered] /storm (Rocket.Unturned.Commands.UnturnedCommands/storm)
[8/17/2016 9:19:27 PM] [Info] [registered] /sync (Rocket.Unturned.Commands.UnturnedCommands/sync)
[8/17/2016 9:19:27 PM] [Info] [registered] /teleport (Rocket.Unturned.Commands.UnturnedCommands/teleport)
[8/17/2016 9:19:27 PM] [Info] [registered] /time (Rocket.Unturned.Commands.UnturnedCommands/time)
[8/17/2016 9:19:27 PM] [Info] [registered] /timeout (Rocket.Unturned.Commands.UnturnedCommands/timeout)
[8/17/2016 9:19:27 PM] [Info] [registered] /unadmin (Rocket.Unturned.Commands.UnturnedCommands/unadmin)
[8/17/2016 9:19:27 PM] [Info] [registered] /unban (Rocket.Unturned.Commands.UnturnedCommands/unban)
[8/17/2016 9:19:27 PM] [Info] [registered] /unpermit (Rocket.Unturned.Commands.UnturnedCommands/unpermit)
[8/17/2016 9:19:27 PM] [Info] [registered] /vehicle (Rocket.Unturned.Commands.UnturnedCommands/vehicle)
[8/17/2016 9:19:27 PM] [Info] [registered] /votify (Rocket.Unturned.Commands.UnturnedCommands/votify)
[8/17/2016 9:19:27 PM] [Info] [registered] /welcome (Rocket.Unturned.Commands.UnturnedCommands/welcome)
[8/17/2016 9:19:27 PM] [Info] [registered] /whitelisted (Rocket.Unturned.Commands.UnturnedCommands/whitelisted)
[8/17/2016 9:19:27 PM] [Info] Other mapping to: Rocket.Unturned.Commands.UnturnedCommands/admin / Rocket.Unturned.Commands.CommandAdmin/admin
[8/17/2016 9:19:27 PM] [Info] [registered] /admin (Rocket.Unturned.Commands.CommandAdmin/admin)
[8/17/2016 9:19:27 PM] [Info] [registered] /broadcast (Rocket.Unturned.Commands.CommandBroadcast/broadcast)
[8/17/2016 9:19:27 PM] [Info] [registered] /compass (Rocket.Unturned.Commands.CommandCompass/compass)
[8/17/2016 9:19:27 PM] [Info] [registered] /effect (Rocket.Unturned.Commands.CommandEffect/effect)
[8/17/2016 9:19:27 PM] [Info] [registered] /exit (Rocket.Unturned.Commands.CommandExit/exit)
[8/17/2016 9:19:27 PM] [Info] [registered] /god (Rocket.Unturned.Commands.CommandGod/god)
[8/17/2016 9:19:27 PM] [Info] [registered] /heal (Rocket.Unturned.Commands.CommandHeal/heal)
[8/17/2016 9:19:27 PM] [Info] Other mapping to: Rocket.Unturned.Commands.UnturnedCommands/help / Rocket.Unturned.Commands.CommandHelp/help
[8/17/2016 9:19:27 PM] [Info] [registered] /help (Rocket.Unturned.Commands.CommandHelp/help)
[8/17/2016 9:19:27 PM] [Info] [registered] /home (Rocket.Unturned.Commands.CommandHome/home)
[8/17/2016 9:19:27 PM] [Info] [registered] /i (Rocket.Unturned.Commands.CommandI/i)
[8/17/2016 9:19:27 PM] [Info] [registered] /item (Rocket.Unturned.Commands.CommandI/item)
[8/17/2016 9:19:27 PM] [Info] [registered] /investigate (Rocket.Unturned.Commands.CommandInvestigate/investigate)
[8/17/2016 9:19:27 PM] [Info] [registered] /p (Rocket.Unturned.Commands.CommandP/p)
[8/17/2016 9:19:27 PM] [Info] [registered] /permissions (Rocket.Unturned.Commands.CommandP/permissions)
[8/17/2016 9:19:27 PM] [Info] [registered] /rocket (Rocket.Unturned.Commands.CommandRocket/rocket)
[8/17/2016 9:19:27 PM] [Info] [registered] /tp (Rocket.Unturned.Commands.CommandTp/tp)
[8/17/2016 9:19:27 PM] [Info] [registered] /tphere (Rocket.Unturned.Commands.CommandTphere/tphere)
[8/17/2016 9:19:27 PM] [Info] Other mapping to: Rocket.Unturned.Commands.UnturnedCommands/unadmin / Rocket.Unturned.Commands.CommandUnadmin/unadmin
[8/17/2016 9:19:27 PM] [Info] [registered] /unadmin (Rocket.Unturned.Commands.CommandUnadmin/unadmin)
[8/17/2016 9:19:27 PM] [Info] [registered] /v (Rocket.Unturned.Commands.CommandV/v)
[8/17/2016 9:19:27 PM] [Info] [registered] /vanish (Rocket.Unturned.Commands.CommandVanish/vanish)
[8/17/2016 9:19:28 PM] [Info] 
[loading] ChatControl
[8/17/2016 9:19:28 PM] [Info] [registered] /unmute (fr34kyn01535.ChatControl.CommandUnmute/unmute)
[8/17/2016 9:19:28 PM] [Info] [registered] /mute (fr34kyn01535.ChatControl.CommandMute/mute)
[8/17/2016 9:19:28 PM] [Info] Adding UnturnedPlayerComponent: ChatControlPlayerComponent
[8/17/2016 9:19:28 PM] [Info] 
[loading] JailTime
[8/17/2016 9:19:28 PM] [Info] [registered] /jail (ApokPT.RocketPlugins.JailTimeCommand/jail)
[8/17/2016 9:19:28 PM] [Warning] JailTime by ApokPT. Updated by Lossy. 
[8/17/2016 9:19:28 PM] [Info] Adding UnturnedPlayerComponent: JailTimePlayer
[8/17/2016 9:19:28 PM] [Info] 
[loading] Rocket-Regions
[8/17/2016 9:19:28 PM] [Info] [registered] /coords (RocketRegions.Commands.CoordsCommand/coords)
[8/17/2016 9:19:28 PM] [Info] [registered] /regioncreate (RocketRegions.Commands.CreateCommand/regioncreate)
[8/17/2016 9:19:28 PM] [Info] [registered] /rcreate (RocketRegions.Commands.CreateCommand/rcreate)
[8/17/2016 9:19:28 PM] [Info] [registered] /regionflag (RocketRegions.Commands.FlagCommand/regionflag)
[8/17/2016 9:19:28 PM] [Info] [registered] /rflag (RocketRegions.Commands.FlagCommand/rflag)
[8/17/2016 9:19:28 PM] [Info] [registered] /regionsinfo (RocketRegions.Commands.InfoCommand/regionsinfo)
[8/17/2016 9:19:28 PM] [Info] [registered] /rinfo (RocketRegions.Commands.InfoCommand/rinfo)
[8/17/2016 9:19:28 PM] [Info] [registered] /regionlist (RocketRegions.Commands.ListCommand/regionlist)
[8/17/2016 9:19:28 PM] [Info] [registered] /rlist (RocketRegions.Commands.ListCommand/rlist)
[8/17/2016 9:19:28 PM] [Info] [registered] /regionpos (RocketRegions.Commands.PosCommand/regionpos)
[8/17/2016 9:19:28 PM] [Info] [registered] /rpos (RocketRegions.Commands.PosCommand/rpos)
[8/17/2016 9:19:28 PM] [Info] [registered] /regionredefine (RocketRegions.Commands.RedefineCommand/regionredefine)
[8/17/2016 9:19:28 PM] [Info] [registered] /rredefine (RocketRegions.Commands.RedefineCommand/rredefine)
[8/17/2016 9:19:28 PM] [Info] [registered] /regionremove (RocketRegions.Commands.RemoveCommand/regionremove)
[8/17/2016 9:19:28 PM] [Info] [registered] /rremove (RocketRegions.Commands.RemoveCommand/rremove)
[8/17/2016 9:19:28 PM] [Info] 
[loading] uEssentials
[8/17/2016 9:19:29 PM] [Info] 
[loading] WreckingBall
[8/17/2016 9:19:29 PM] [Info] [registered] /wreck (ApokPT.RocketPlugins.WreckingBall/wreck)
[8/17/2016 9:19:29 PM] [Info] [registered] /wreck (ApokPT.RocketPlugins.WreckingBall/wreck)
[8/17/2016 9:19:29 PM] [Info] [registered] /w (ApokPT.RocketPlugins.WreckingBall/w)
[8/17/2016 9:19:29 PM] [Info] [registered] /wreck (ApokPT.RocketPlugins.WreckingBall/wreck)
[8/17/2016 9:19:29 PM] [Info] [registered] /listvehicles (ApokPT.RocketPlugins.WreckingBall/listvehicles)
[8/17/2016 9:19:29 PM] [Info] [registered] /listvehicles (ApokPT.RocketPlugins.WreckingBall/listvehicles)
[8/17/2016 9:19:29 PM] [Info] [registered] /listtopplayers (ApokPT.RocketPlugins.WreckingBall/listtopplayers)
[8/17/2016 9:19:29 PM] [Info] [registered] /listtopplayers (ApokPT.RocketPlugins.WreckingBall/listtopplayers)
[8/17/2016 9:19:29 PM] [Info] [registered] /disablecleanup (ApokPT.RocketPlugins.WreckingBall/disablecleanup)
[8/17/2016 9:19:29 PM] [Info] [registered] /disablecleanup (ApokPT.RocketPlugins.WreckingBall/disablecleanup)
[8/17/2016 9:19:29 PM] [Info] This server will automatically save every 1800 seconds
[8/17/2016 9:19:30 PM] [Info] Loading level: 8%
[8/17/2016 9:19:32 PM] [Info] Loading level: 16%
[8/17/2016 9:19:32 PM] [Info] Loading level: 25%
[8/17/2016 9:19:33 PM] [Info] Loading level: 33%
[8/17/2016 9:19:35 PM] [Info] Loading level: 41%
[8/17/2016 9:19:44 PM] [Info] Loading level: 50%
[8/17/2016 9:19:44 PM] [Info] Loading level: 58%
[8/17/2016 9:19:44 PM] [Info] Loading level: 66%
[8/17/2016 9:19:44 PM] [Info] Loading level: 75%
[8/17/2016 9:19:44 PM] [Info] Loading level: 83%
[8/17/2016 9:19:44 PM] [Info] Loading level: 91%
[8/17/2016 9:19:44 PM] [Info] Loading level: 100%
[8/17/2016 9:20:25 PM] [Info] Connecting: PlayerID: 76561198167532623 Name: [NRG]HardFire Character: Keni2
[8/17/2016 9:20:25 PM] [Info] uEssentials >> Broadcast: Keni2 вошел в игру.
[8/17/2016 9:20:25 PM] [Info] System >> [RocketMod Observatory] Kicking Player Keni2 because his account is limited
[8/17/2016 9:20:25 PM] [Info] uEssentials >> Broadcast: Keni2 вышел из игры.
[8/17/2016 9:24:04 PM] [Info] Commands:
[8/17/2016 9:24:04 PM] [Info] Admin [SteamID | Player]	
Admins
Airdrop
Ban [SteamID | Player]/[Reason]/[Duration]
Bans
Bind [IP]
Chatrate [Number]
Cheats
Cycle [Number]
Day
Debug
Experience [SteamID | Player]/[Experience]	
Filter
Give [SteamID | Player]/[ItemID]/[Amount]	
Gold
Help [Command]
Hide_Admins
Kick [SteamID | Player]/[Reason]	
Loadout [SkillsetID]/[ItemID]/[ItemID]/...	
Log [Chat Y/N]/[Join/Leave Y/N]/[Death Y/N].
Map [Level]
MaxPlayers [Number]
Mode [Easy | Normal | Hard | Gold]
Name [Text]
Night
Owner [SteamID]	
Password [Text]
Permit [SteamID]/[Tag]
Permits
Perspective [First | Third | Both]
Players
Port [Number]
PvE
Queue_Size [Number]
ResetConfig
Save
Say [Text]/[R]/[G]/[B]	
Shutdown [Delay]
Slay [SteamID | Player]/[Reason]
Spy [SteamID | Player]
Storm
Sync
Teleport [SteamID | Player]/[SteamID | Player | Location]	
Time [Number]
Timeout [Number]
Unadmin [SteamID | Player]	
Unban [SteamID]
Unpermit [SteamID]
Vehicle [SteamID | Player]/[VehicleID]	
Votify [Vote Allowed Y/N]/[Pass Cooldown]/[Fail Cooldown]/[Vote Duration]/[Vote Percentage]/[Players]
Welcome [Text]/[R]/[G]/[B]	
Whitelisted
[8/17/2016 9:24:17 PM] [Error] Failed to find anyone called Keni2.
[8/17/2016 9:24:43 PM] [Info] Successfully reset config!
[8/17/2016 9:25:21 PM] [Info] Connecting: PlayerID: 76561198167532623 Name: [NRG]HardFire Character: Keni2
[8/17/2016 9:25:21 PM] [Info] uEssentials >> Broadcast: Keni2 вошел в игру.
[8/17/2016 9:25:22 PM] [Info] System >> [RocketMod Observatory] Kicking Player Keni2 because his account is limited
[8/17/2016 9:25:22 PM] [Info] uEssentials >> Broadcast: Keni2 вышел из игры.
[8/17/2016 9:27:23 PM] [Info] 
[unloading] WreckingBall
[8/17/2016 9:27:23 PM] [Info] 
[unloading] Rocket-Regions
[8/17/2016 9:27:23 PM] [Info] 
[unloading] uEssentials
[8/17/2016 9:27:24 PM] [Info] 
[unloading] ChatControl
[8/17/2016 9:27:24 PM] [Info] 
[unloading] JailTime
